### CustomExplorer log file, revision K-2015.06 (build 05/23/15) ###
### created at 18:18:47 on Fri Dec  4 2015 (Linux AMD64) ###
### Host Name: combe.ecen.okstate.edu   User ID: nathahl   PID: 67853   ###
wv_start_log
# (0) # editor setting overridden by env variable EDITOR
# (0) running in waveview only mode
# (0) SW_SX_PERL_LIB defined
# (0) SW_SX_TCL_LIB defined
# (0) HOME defined
wv_move_window CustomWaveView 0 0
wv_resize_window CustomWaveView 800 400
wv_move_window CustomWaveView 2 51
wv_move_window CustomWaveView -1 4
wv_resize_window CustomWaveView 1362 688
wv_move_window CustomWaveView 0 25
wv_select_menu_item {File} {Import Waveform File ...}
wv_move_dialog FileDialog 478 76
wv_select_dialog FileDialog
wv_set_text FileDialog.FileName {}
wv_select_list_item FileDialog.FileList prjMagic.tr0
wv_dclick_list_item FileDialog.FileList prjMagic.tr0
wv_expand_tree_item MainWindow.hierview {D0:prjMagic.tr0}
wv_select_tree_item MainWindow.hierview {D0:prjMagic.tr0}
wv_select_tree_item MainWindow.hierview {D0:prjMagic.tr0/toplevel}
wv_select_list_item MainWindow.sigview v(subtract)
wv_dclick_list_item MainWindow.sigview v(subtract)
wv_select_list_item MainWindow.sigview v(cout)
wv_dclick_list_item MainWindow.sigview v(cout)
wv_select_panel WV1.PANEL1:1 1.79832e-08 5.06122
wv_drag_item_to WV1 349 49
wv_zoom WV1.PANEL1:1 1.79832e-08 5.06122 2.58824e-08 -0.734694
wv_select_wv_item {WV1.ICON.add cursor}
wv_release_wv_item WV1 117 13
wv_select_wv_item WV1.PANEL1:1.CURSOR1
wv_drag_item_to WV1 636 258
wv_move_wv_item WV1.PANEL1:1.CURSOR1 419 268
wv_select_wv_item {WV1.ICON.add cursor}
wv_release_wv_item WV1 114 15
wv_select_wv_item WV1.PANEL1:1.CURSOR2
wv_drag_item_to WV1 649 136
wv_move_wv_item WV1.PANEL1:1.CURSOR2 905 350
wv_select_wv_item WV1.PANEL2:1.CURSOR2
wv_drag_item_to WV1 906 350
wv_move_wv_item WV1.PANEL2:1.CURSOR2 942 330
wv_select_wv_item WV1.PANEL1:1.CURSOR1
wv_drag_item_to WV1 418 229
wv_move_wv_item WV1.PANEL1:1.CURSOR1 420 232
wv_select_menu_item {File} {Print ...}
wv_move_dialog PrintSetup 416 90
wv_select_dialog PrintSetup
wv_set_check PrintSetup.PrintToFile 1
wv_press_button PrintSetup.PathBrowser
wv_move_dialog FileDialog 478 190
wv_select_dialog FileDialog
wv_move_dialog FileDialog 478 76
wv_set_text FileDialog.FileName {}
wv_horz_scroll FileDialog.FileList 32
wv_horz_scroll FileDialog.FileList 64
wv_horz_scroll FileDialog.FileList 96
wv_horz_scroll FileDialog.FileList 128
wv_horz_scroll FileDialog.FileList 160
wv_horz_scroll FileDialog.FileList 192
wv_horz_scroll FileDialog.FileList 209
wv_select_list_item FileDialog.FileList subtractCoutRiseTime.ps
wv_press_button FileDialog.Ok
wv_select_dialog PrintSetup
wv_press_button PrintSetup.Print
wv_move_dialog Confirmation 590 322
wv_move_dialog Confirmation 590 249
wv_select_dialog Confirmation
wv_press_button Confirmation.Ok
wv_close_window CustomWaveView
wv_move_dialog Confirmation 590 322
wv_move_dialog Confirmation 590 249
wv_select_dialog Confirmation
# wv_press_button Confirmation.Ok
