
Subcircuit summary:
Circuit 1: ../sue/project.sim              |Circuit 2: ../prjMagic/magic/prjMagic_noRC 
-------------------------------------------|-------------------------------------------
n (307)                                    |n (307)                                    
p (307)                                    |p (307)                                    
Number of devices: 614                     |Number of devices: 614                     
Number of nets: 353                        |Number of nets: 353                        
---------------------------------------------------------------------------------------
NET mismatches: Class fragments follow (with fanout counts):
Circuit 1: ../sue/project.sim              |Circuit 2: ../prjMagic/magic/prjMagic_noRC 

---------------------------------------------------------------------------------------
Net: bitslice_7.FA.net_2                   |Net: bitslice_0/fa_0/a_25_6#               
  n/gate = 2                               |  p/(drain|source) = 2                     
  n/(drain|source) = 2                     |  p/gate = 2                               
  p/gate = 2                               |  n/(drain|source) = 2                     
  p/(drain|source) = 2                     |  n/gate = 2                               
                                           |                                           
Net: bitslice_6.FA.net_2                   |Net: bitslice_1/fa_0/a_25_6#               
  n/gate = 2                               |  p/(drain|source) = 2                     
  n/(drain|source) = 2                     |  p/gate = 2                               
  p/gate = 2                               |  n/(drain|source) = 2                     
  p/(drain|source) = 2                     |  n/gate = 2                               
                                           |                                           
Net: bitslice_4.FA.net_2                   |Net: bitslice_2/fa_0/a_25_6#               
  n/gate = 2                               |  p/(drain|source) = 2                     
  n/(drain|source) = 2                     |  p/gate = 2                               
  p/gate = 2                               |  n/(drain|source) = 2                     
  p/(drain|source) = 2                     |  n/gate = 2                               
                                           |                                           
Net: bitslice_3.FA.net_2                   |Net: bitslice_3/fa_0/a_25_6#               
  n/gate = 2                               |  p/(drain|source) = 2                     
  n/(drain|source) = 2                     |  p/gate = 2                               
  p/gate = 2                               |  n/(drain|source) = 2                     
  p/(drain|source) = 2                     |  n/gate = 2                               
                                           |                                           
Net: bitslice_2.FA.net_2                   |Net: bitslice_4/fa_0/a_25_6#               
  n/gate = 2                               |  p/(drain|source) = 2                     
  n/(drain|source) = 2                     |  p/gate = 2                               
  p/gate = 2                               |  n/(drain|source) = 2                     
  p/(drain|source) = 2                     |  n/gate = 2                               
                                           |                                           
Net: bitslice_1.FA.net_2                   |Net: bitslice_5/fa_0/a_25_6#               
  n/gate = 2                               |  p/(drain|source) = 2                     
  n/(drain|source) = 2                     |  p/gate = 2                               
  p/gate = 2                               |  n/(drain|source) = 2                     
  p/(drain|source) = 2                     |  n/gate = 2                               
                                           |                                           
Net: bitslice.FA.net_2                     |Net: bitslice_6/fa_0/a_25_6#               
  n/gate = 2                               |  p/(drain|source) = 2                     
  n/(drain|source) = 2                     |  p/gate = 2                               
  p/gate = 2                               |  n/(drain|source) = 2                     
  p/(drain|source) = 2                     |  n/gate = 2                               
                                           |                                           
Net: bitslice_5.FA.net_2                   |Net: bitslice_7/fa_0/a_25_6#               
  n/gate = 2                               |  p/(drain|source) = 2                     
  n/(drain|source) = 2                     |  p/gate = 2                               
  p/gate = 2                               |  n/(drain|source) = 2                     
  p/(drain|source) = 2                     |  n/gate = 2                               
---------------------------------------------------------------------------------------

---------------------------------------------------------------------------------------
Net: bitslice_7.net_1                      |Net: bitslice_0/fa_0/A                     
  p/(drain|source) = 2                     |  p/gate = 4                               
  n/(drain|source) = 1                     |  n/gate = 4                               
  n/gate = 4                               |  p/(drain|source) = 2                     
  p/gate = 4                               |  n/(drain|source) = 1                     
                                           |                                           
Net: bitslice_6.net_1                      |Net: bitslice_1/fa_0/A                     
  p/(drain|source) = 2                     |  p/gate = 4                               
  n/(drain|source) = 1                     |  n/gate = 4                               
  n/gate = 4                               |  p/(drain|source) = 2                     
  p/gate = 4                               |  n/(drain|source) = 1                     
                                           |                                           
Net: bitslice_5.net_1                      |Net: bitslice_2/fa_0/A                     
  p/(drain|source) = 2                     |  p/gate = 4                               
  n/(drain|source) = 1                     |  n/gate = 4                               
  n/gate = 4                               |  p/(drain|source) = 2                     
  p/gate = 4                               |  n/(drain|source) = 1                     
                                           |                                           
Net: bitslice_4.net_1                      |Net: bitslice_3/fa_0/A                     
  p/(drain|source) = 2                     |  p/gate = 4                               
  n/(drain|source) = 1                     |  n/gate = 4                               
  n/gate = 4                               |  p/(drain|source) = 2                     
  p/gate = 4                               |  n/(drain|source) = 1                     
                                           |                                           
Net: bitslice_3.net_1                      |Net: bitslice_4/fa_0/A                     
  p/(drain|source) = 2                     |  p/gate = 4                               
  n/(drain|source) = 1                     |  n/gate = 4                               
  n/gate = 4                               |  p/(drain|source) = 2                     
  p/gate = 4                               |  n/(drain|source) = 1                     
                                           |                                           
Net: bitslice_2.net_1                      |Net: bitslice_5/fa_0/A                     
  p/(drain|source) = 2                     |  p/gate = 4                               
  n/(drain|source) = 1                     |  n/gate = 4                               
  n/gate = 4                               |  p/(drain|source) = 2                     
  p/gate = 4                               |  n/(drain|source) = 1                     
                                           |                                           
Net: bitslice_1.net_1                      |Net: bitslice_6/fa_0/A                     
  p/(drain|source) = 2                     |  p/gate = 4                               
  n/(drain|source) = 1                     |  n/gate = 4                               
  n/gate = 4                               |  p/(drain|source) = 2                     
  p/gate = 4                               |  n/(drain|source) = 1                     
                                           |                                           
Net: bitslice.net_1                        |Net: bitslice_7/fa_0/A                     
  p/(drain|source) = 2                     |  p/gate = 4                               
  n/(drain|source) = 1                     |  n/gate = 4                               
  n/gate = 4                               |  p/(drain|source) = 2                     
  p/gate = 4                               |  n/(drain|source) = 1                     
---------------------------------------------------------------------------------------

---------------------------------------------------------------------------------------
Net: bitslice_7.net_2                      |Net: bitslice_0/Y                          
  p/(drain|source) = 2                     |  p/gate = 4                               
  n/(drain|source) = 2                     |  n/gate = 4                               
  n/gate = 4                               |  p/(drain|source) = 2                     
  p/gate = 4                               |  n/(drain|source) = 2                     
                                           |                                           
Net: bitslice_6.net_2                      |Net: bitslice_1/Y                          
  p/(drain|source) = 2                     |  p/gate = 4                               
  n/(drain|source) = 2                     |  n/gate = 4                               
  n/gate = 4                               |  p/(drain|source) = 2                     
  p/gate = 4                               |  n/(drain|source) = 2                     
                                           |                                           
Net: bitslice_5.net_2                      |Net: bitslice_2/Y                          
  p/(drain|source) = 2                     |  p/gate = 4                               
  n/(drain|source) = 2                     |  n/gate = 4                               
  n/gate = 4                               |  p/(drain|source) = 2                     
  p/gate = 4                               |  n/(drain|source) = 2                     
                                           |                                           
Net: bitslice_4.net_2                      |Net: bitslice_3/Y                          
  p/(drain|source) = 2                     |  p/gate = 4                               
  n/(drain|source) = 2                     |  n/gate = 4                               
  n/gate = 4                               |  p/(drain|source) = 2                     
  p/gate = 4                               |  n/(drain|source) = 2                     
                                           |                                           
Net: bitslice_3.net_2                      |Net: bitslice_4/Y                          
  p/(drain|source) = 2                     |  p/gate = 4                               
  n/(drain|source) = 2                     |  n/gate = 4                               
  n/gate = 4                               |  p/(drain|source) = 2                     
  p/gate = 4                               |  n/(drain|source) = 2                     
                                           |                                           
Net: bitslice_2.net_2                      |Net: bitslice_5/Y                          
  p/(drain|source) = 2                     |  p/gate = 4                               
  n/(drain|source) = 2                     |  n/gate = 4                               
  n/gate = 4                               |  p/(drain|source) = 2                     
  p/gate = 4                               |  n/(drain|source) = 2                     
                                           |                                           
Net: bitslice_1.net_2                      |Net: bitslice_6/Y                          
  p/(drain|source) = 2                     |  p/gate = 4                               
  n/(drain|source) = 2                     |  n/gate = 4                               
  n/gate = 4                               |  p/(drain|source) = 2                     
  p/gate = 4                               |  n/(drain|source) = 2                     
                                           |                                           
Net: bitslice.net_2                        |Net: bitslice_7/Y                          
  p/(drain|source) = 2                     |  p/gate = 4                               
  n/(drain|source) = 2                     |  n/gate = 4                               
  n/gate = 4                               |  p/(drain|source) = 2                     
  p/gate = 4                               |  n/(drain|source) = 2                     
---------------------------------------------------------------------------------------

---------------------------------------------------------------------------------------
Net: bitslice_7.FA.net_7                   |Net: bitslice_0/fa_0/a_84_6#               
  p/(drain|source) = 2                     |  n/(drain|source) = 2                     
                                           |                                           
Net: bitslice_6.FA.net_7                   |Net: bitslice_1/fa_0/a_84_6#               
  p/(drain|source) = 2                     |  n/(drain|source) = 2                     
                                           |                                           
Net: bitslice_5.FA.net_7                   |Net: bitslice_2/fa_0/a_84_6#               
  p/(drain|source) = 2                     |  n/(drain|source) = 2                     
                                           |                                           
Net: bitslice_4.FA.net_7                   |Net: bitslice_3/fa_0/a_84_6#               
  p/(drain|source) = 2                     |  n/(drain|source) = 2                     
                                           |                                           
Net: bitslice_3.FA.net_7                   |Net: bitslice_4/fa_0/a_84_6#               
  p/(drain|source) = 2                     |  n/(drain|source) = 2                     
                                           |                                           
Net: bitslice_2.FA.net_7                   |Net: bitslice_5/fa_0/a_84_6#               
  p/(drain|source) = 2                     |  n/(drain|source) = 2                     
                                           |                                           
Net: bitslice_1.FA.net_7                   |Net: bitslice_6/fa_0/a_84_6#               
  p/(drain|source) = 2                     |  n/(drain|source) = 2                     
                                           |                                           
Net: bitslice.FA.net_7                     |Net: bitslice_7/fa_0/a_84_6#               
  p/(drain|source) = 2                     |  n/(drain|source) = 2                     
                                           |                                           
Net: bitslice_7.FA.net_1                   |Net: bitslice_0/fa_0/a_79_6#               
  p/(drain|source) = 2                     |  n/(drain|source) = 2                     
                                           |                                           
Net: bitslice_7.FA.net_3                   |Net: bitslice_0/fa_0/a_33_6#               
  p/(drain|source) = 2                     |  n/(drain|source) = 2                     
                                           |                                           
Net: bitslice_6.FA.net_3                   |Net: bitslice_1/fa_0/a_33_6#               
  p/(drain|source) = 2                     |  n/(drain|source) = 2                     
                                           |                                           
Net: bitslice_5.FA.net_3                   |Net: bitslice_2/fa_0/a_33_6#               
  p/(drain|source) = 2                     |  n/(drain|source) = 2                     
                                           |                                           
Net: bitslice_4.FA.net_3                   |Net: bitslice_3/fa_0/a_33_6#               
  p/(drain|source) = 2                     |  n/(drain|source) = 2                     
                                           |                                           
Net: bitslice_3.FA.net_3                   |Net: bitslice_4/fa_0/a_33_6#               
  p/(drain|source) = 2                     |  n/(drain|source) = 2                     
                                           |                                           
Net: bitslice_2.FA.net_3                   |Net: bitslice_5/fa_0/a_33_6#               
  p/(drain|source) = 2                     |  n/(drain|source) = 2                     
                                           |                                           
Net: bitslice_1.FA.net_3                   |Net: bitslice_6/fa_0/a_33_6#               
  p/(drain|source) = 2                     |  n/(drain|source) = 2                     
                                           |                                           
Net: bitslice.FA.net_3                     |Net: bitslice_7/fa_0/a_33_6#               
  p/(drain|source) = 2                     |  n/(drain|source) = 2                     
                                           |                                           
Net: bitslice_7.FA.net_4                   |Net: bitslice_0/fa_0/a_84_74#              
  n/(drain|source) = 2                     |  p/(drain|source) = 2                     
                                           |                                           
Net: bitslice_6.FA.net_4                   |Net: bitslice_1/fa_0/a_84_74#              
  n/(drain|source) = 2                     |  p/(drain|source) = 2                     
                                           |                                           
Net: bitslice_5.FA.net_4                   |Net: bitslice_2/fa_0/a_84_74#              
  n/(drain|source) = 2                     |  p/(drain|source) = 2                     
                                           |                                           
Net: bitslice_4.FA.net_4                   |Net: bitslice_3/fa_0/a_84_74#              
  n/(drain|source) = 2                     |  p/(drain|source) = 2                     
                                           |                                           
Net: bitslice_3.FA.net_4                   |Net: bitslice_4/fa_0/a_84_74#              
  n/(drain|source) = 2                     |  p/(drain|source) = 2                     
                                           |                                           
Net: bitslice_2.FA.net_4                   |Net: bitslice_5/fa_0/a_84_74#              
  n/(drain|source) = 2                     |  p/(drain|source) = 2                     
                                           |                                           
Net: bitslice_1.FA.net_4                   |Net: bitslice_6/fa_0/a_84_74#              
  n/(drain|source) = 2                     |  p/(drain|source) = 2                     
                                           |                                           
Net: bitslice.FA.net_4                     |Net: bitslice_7/fa_0/a_84_74#              
  n/(drain|source) = 2                     |  p/(drain|source) = 2                     
                                           |                                           
Net: bitslice_7.FA.net_8                   |Net: bitslice_0/fa_0/a_79_74#              
  n/(drain|source) = 2                     |  p/(drain|source) = 2                     
                                           |                                           
Net: bitslice_6.FA.net_8                   |Net: bitslice_0/fa_0/a_33_74#              
  n/(drain|source) = 2                     |  p/(drain|source) = 2                     
                                           |                                           
Net: bitslice_5.FA.net_8                   |Net: bitslice_1/fa_0/a_33_74#              
  n/(drain|source) = 2                     |  p/(drain|source) = 2                     
                                           |                                           
Net: bitslice_4.FA.net_8                   |Net: bitslice_2/fa_0/a_33_74#              
  n/(drain|source) = 2                     |  p/(drain|source) = 2                     
                                           |                                           
Net: bitslice_3.FA.net_8                   |Net: bitslice_3/fa_0/a_33_74#              
  n/(drain|source) = 2                     |  p/(drain|source) = 2                     
                                           |                                           
Net: bitslice_2.FA.net_8                   |Net: bitslice_4/fa_0/a_33_74#              
  n/(drain|source) = 2                     |  p/(drain|source) = 2                     
                                           |                                           
Net: bitslice_1.FA.net_8                   |Net: bitslice_5/fa_0/a_33_74#              
  n/(drain|source) = 2                     |  p/(drain|source) = 2                     
                                           |                                           
Net: bitslice.FA.net_8                     |Net: bitslice_6/fa_0/a_33_74#              
  n/(drain|source) = 2                     |  p/(drain|source) = 2                     
                                           |                                           
Net: bitslice_7.FA.net_12                  |Net: bitslice_7/fa_0/a_33_74#              
  n/(drain|source) = 2                     |  p/(drain|source) = 2                     
                                           |                                           
Net: bitslice_6.FA.net_1                   |Net: bitslice_1/fa_0/a_79_6#               
  p/(drain|source) = 2                     |  n/(drain|source) = 2                     
                                           |                                           
Net: bitslice_5.FA.net_1                   |Net: bitslice_2/fa_0/a_79_6#               
  p/(drain|source) = 2                     |  n/(drain|source) = 2                     
                                           |                                           
Net: bitslice_4.FA.net_1                   |Net: bitslice_3/fa_0/a_79_6#               
  p/(drain|source) = 2                     |  n/(drain|source) = 2                     
                                           |                                           
Net: bitslice_3.FA.net_1                   |Net: bitslice_4/fa_0/a_79_6#               
  p/(drain|source) = 2                     |  n/(drain|source) = 2                     
                                           |                                           
Net: bitslice_2.FA.net_1                   |Net: bitslice_5/fa_0/a_79_6#               
  p/(drain|source) = 2                     |  n/(drain|source) = 2                     
                                           |                                           
Net: bitslice_1.FA.net_1                   |Net: bitslice_6/fa_0/a_79_6#               
  p/(drain|source) = 2                     |  n/(drain|source) = 2                     
                                           |                                           
Net: bitslice.FA.net_1                     |Net: bitslice_7/fa_0/a_79_6#               
  p/(drain|source) = 2                     |  n/(drain|source) = 2                     
                                           |                                           
Net: bitslice_6.FA.net_12                  |Net: bitslice_1/fa_0/a_79_74#              
  n/(drain|source) = 2                     |  p/(drain|source) = 2                     
                                           |                                           
Net: bitslice_5.FA.net_12                  |Net: bitslice_2/fa_0/a_79_74#              
  n/(drain|source) = 2                     |  p/(drain|source) = 2                     
                                           |                                           
Net: bitslice_4.FA.net_12                  |Net: bitslice_3/fa_0/a_79_74#              
  n/(drain|source) = 2                     |  p/(drain|source) = 2                     
                                           |                                           
Net: bitslice_3.FA.net_12                  |Net: bitslice_4/fa_0/a_79_74#              
  n/(drain|source) = 2                     |  p/(drain|source) = 2                     
                                           |                                           
Net: bitslice_2.FA.net_12                  |Net: bitslice_5/fa_0/a_79_74#              
  n/(drain|source) = 2                     |  p/(drain|source) = 2                     
                                           |                                           
Net: bitslice_1.FA.net_12                  |Net: bitslice_6/fa_0/a_79_74#              
  n/(drain|source) = 2                     |  p/(drain|source) = 2                     
                                           |                                           
Net: bitslice.FA.net_12                    |Net: bitslice_7/fa_0/a_79_74#              
  n/(drain|source) = 2                     |  p/(drain|source) = 2                     
---------------------------------------------------------------------------------------
DEVICE mismatches: Class fragments follow (with node fanout counts):
Circuit 1: ../sue/project.sim              |Circuit 2: ../prjMagic/magic/prjMagic_noRC 

---------------------------------------------------------------------------------------
Instance: p294                             |Instance: p@104,192                        
  (drain,source) = (219,2)                 |  (drain,source) = (219,2)                 
  gate = 12                                |  gate = 11                                
                                           |                                           
Instance: p289                             |Instance: p@53,192                         
  (drain,source) = (219,2)                 |  (drain,source) = (219,2)                 
  gate = 12                                |  gate = 11                                
                                           |                                           
Instance: p256                             |Instance: p@276,192                        
  (drain,source) = (219,2)                 |  (drain,source) = (219,2)                 
  gate = 12                                |  gate = 11                                
                                           |                                           
Instance: p251                             |Instance: p@225,192                        
  (drain,source) = (219,2)                 |  (drain,source) = (219,2)                 
  gate = 12                                |  gate = 11                                
                                           |                                           
Instance: p218                             |Instance: p@445,192                        
  (drain,source) = (219,2)                 |  (drain,source) = (219,2)                 
  gate = 12                                |  gate = 11                                
                                           |                                           
Instance: p213                             |Instance: p@394,192                        
  (drain,source) = (219,2)                 |  (drain,source) = (219,2)                 
  gate = 12                                |  gate = 11                                
                                           |                                           
Instance: p180                             |Instance: p@616,192                        
  (drain,source) = (219,2)                 |  (drain,source) = (219,2)                 
  gate = 12                                |  gate = 11                                
                                           |                                           
Instance: p175                             |Instance: p@565,192                        
  (drain,source) = (219,2)                 |  (drain,source) = (219,2)                 
  gate = 12                                |  gate = 11                                
                                           |                                           
Instance: p142                             |Instance: p@785,192                        
  (drain,source) = (219,2)                 |  (drain,source) = (219,2)                 
  gate = 12                                |  gate = 11                                
                                           |                                           
Instance: p137                             |Instance: p@734,192                        
  (drain,source) = (219,2)                 |  (drain,source) = (219,2)                 
  gate = 12                                |  gate = 11                                
                                           |                                           
Instance: p104                             |Instance: p@954,192                        
  (drain,source) = (219,2)                 |  (drain,source) = (219,2)                 
  gate = 12                                |  gate = 11                                
                                           |                                           
Instance: p99                              |Instance: p@903,192                        
  (drain,source) = (219,2)                 |  (drain,source) = (219,2)                 
  gate = 12                                |  gate = 11                                
                                           |                                           
Instance: p66                              |Instance: p@1121,192                       
  (drain,source) = (219,2)                 |  (drain,source) = (219,2)                 
  gate = 12                                |  gate = 11                                
                                           |                                           
Instance: p61                              |Instance: p@1070,192                       
  (drain,source) = (219,2)                 |  (drain,source) = (219,2)                 
  gate = 12                                |  gate = 11                                
                                           |                                           
Instance: p28                              |Instance: p@1284,192                       
  (drain,source) = (219,2)                 |  (drain,source) = (219,2)                 
  gate = 12                                |  gate = 11                                
                                           |                                           
Instance: p23                              |Instance: p@1233,192                       
  (drain,source) = (219,2)                 |  (drain,source) = (219,2)                 
  gate = 12                                |  gate = 11                                
                                           |                                           
Instance: p293                             |Instance: p@99,192                         
  (drain,source) = (8,2)                   |  (drain,source) = (2,2)                   
  gate = 11                                |  gate = 12                                
                                           |                                           
Instance: p255                             |Instance: p@271,192                        
  (drain,source) = (8,2)                   |  (drain,source) = (2,2)                   
  gate = 11                                |  gate = 12                                
                                           |                                           
Instance: p217                             |Instance: p@440,192                        
  (drain,source) = (8,2)                   |  (drain,source) = (2,2)                   
  gate = 11                                |  gate = 12                                
                                           |                                           
Instance: p179                             |Instance: p@611,192                        
  (drain,source) = (8,2)                   |  (drain,source) = (2,2)                   
  gate = 11                                |  gate = 12                                
                                           |                                           
Instance: p141                             |Instance: p@780,192                        
  (drain,source) = (8,2)                   |  (drain,source) = (2,2)                   
  gate = 11                                |  gate = 12                                
                                           |                                           
Instance: p103                             |Instance: p@949,192                        
  (drain,source) = (8,2)                   |  (drain,source) = (2,2)                   
  gate = 11                                |  gate = 12                                
                                           |                                           
Instance: p65                              |Instance: p@1116,192                       
  (drain,source) = (8,2)                   |  (drain,source) = (2,2)                   
  gate = 11                                |  gate = 12                                
                                           |                                           
Instance: p27                              |Instance: p@1279,192                       
  (drain,source) = (8,2)                   |  (drain,source) = (2,2)                   
  gate = 11                                |  gate = 12                                
                                           |                                           
Instance: p287                             |Instance: p@48,192                         
  (drain,source) = (2,2)                   |  (drain,source) = (8,2)                   
  gate = 11                                |  gate = 12                                
                                           |                                           
Instance: p249                             |Instance: p@220,192                        
  (drain,source) = (2,2)                   |  (drain,source) = (8,2)                   
  gate = 11                                |  gate = 12                                
                                           |                                           
Instance: p211                             |Instance: p@389,192                        
  (drain,source) = (2,2)                   |  (drain,source) = (8,2)                   
  gate = 11                                |  gate = 12                                
                                           |                                           
Instance: p173                             |Instance: p@560,192                        
  (drain,source) = (2,2)                   |  (drain,source) = (8,2)                   
  gate = 11                                |  gate = 12                                
                                           |                                           
Instance: p135                             |Instance: p@729,192                        
  (drain,source) = (2,2)                   |  (drain,source) = (8,2)                   
  gate = 11                                |  gate = 12                                
                                           |                                           
Instance: p97                              |Instance: p@898,192                        
  (drain,source) = (2,2)                   |  (drain,source) = (8,2)                   
  gate = 11                                |  gate = 12                                
                                           |                                           
Instance: p59                              |Instance: p@1065,192                       
  (drain,source) = (2,2)                   |  (drain,source) = (8,2)                   
  gate = 11                                |  gate = 12                                
                                           |                                           
Instance: p21                              |Instance: p@1228,192                       
  (drain,source) = (2,2)                   |  (drain,source) = (8,2)                   
  gate = 11                                |  gate = 12                                
---------------------------------------------------------------------------------------

---------------------------------------------------------------------------------------
Instance: n294                             |Instance: n@104,124                        
  (drain,source) = (194,2)                 |  (drain,source) = (194,2)                 
  gate = 12                                |  gate = 11                                
                                           |                                           
Instance: n289                             |Instance: n@53,124                         
  (drain,source) = (194,2)                 |  (drain,source) = (194,2)                 
  gate = 12                                |  gate = 11                                
                                           |                                           
Instance: n256                             |Instance: n@276,124                        
  (drain,source) = (194,2)                 |  (drain,source) = (194,2)                 
  gate = 12                                |  gate = 11                                
                                           |                                           
Instance: n251                             |Instance: n@225,124                        
  (drain,source) = (194,2)                 |  (drain,source) = (194,2)                 
  gate = 12                                |  gate = 11                                
                                           |                                           
Instance: n218                             |Instance: n@445,124                        
  (drain,source) = (194,2)                 |  (drain,source) = (194,2)                 
  gate = 12                                |  gate = 11                                
                                           |                                           
Instance: n213                             |Instance: n@394,124                        
  (drain,source) = (194,2)                 |  (drain,source) = (194,2)                 
  gate = 12                                |  gate = 11                                
                                           |                                           
Instance: n180                             |Instance: n@616,124                        
  (drain,source) = (194,2)                 |  (drain,source) = (194,2)                 
  gate = 12                                |  gate = 11                                
                                           |                                           
Instance: n175                             |Instance: n@565,124                        
  (drain,source) = (194,2)                 |  (drain,source) = (194,2)                 
  gate = 12                                |  gate = 11                                
                                           |                                           
Instance: n142                             |Instance: n@785,124                        
  (drain,source) = (194,2)                 |  (drain,source) = (194,2)                 
  gate = 12                                |  gate = 11                                
                                           |                                           
Instance: n137                             |Instance: n@734,124                        
  (drain,source) = (194,2)                 |  (drain,source) = (194,2)                 
  gate = 12                                |  gate = 11                                
                                           |                                           
Instance: n104                             |Instance: n@954,124                        
  (drain,source) = (194,2)                 |  (drain,source) = (194,2)                 
  gate = 12                                |  gate = 11                                
                                           |                                           
Instance: n99                              |Instance: n@903,124                        
  (drain,source) = (194,2)                 |  (drain,source) = (194,2)                 
  gate = 12                                |  gate = 11                                
                                           |                                           
Instance: n66                              |Instance: n@1121,124                       
  (drain,source) = (194,2)                 |  (drain,source) = (194,2)                 
  gate = 12                                |  gate = 11                                
                                           |                                           
Instance: n61                              |Instance: n@1070,124                       
  (drain,source) = (194,2)                 |  (drain,source) = (194,2)                 
  gate = 12                                |  gate = 11                                
                                           |                                           
Instance: n28                              |Instance: n@1284,124                       
  (drain,source) = (194,2)                 |  (drain,source) = (194,2)                 
  gate = 12                                |  gate = 11                                
                                           |                                           
Instance: n23                              |Instance: n@1233,124                       
  (drain,source) = (194,2)                 |  (drain,source) = (194,2)                 
  gate = 12                                |  gate = 11                                
                                           |                                           
Instance: n293                             |Instance: n@99,124                         
  (drain,source) = (8,2)                   |  (drain,source) = (2,2)                   
  gate = 11                                |  gate = 12                                
                                           |                                           
Instance: n255                             |Instance: n@271,124                        
  (drain,source) = (8,2)                   |  (drain,source) = (2,2)                   
  gate = 11                                |  gate = 12                                
                                           |                                           
Instance: n217                             |Instance: n@440,124                        
  (drain,source) = (8,2)                   |  (drain,source) = (2,2)                   
  gate = 11                                |  gate = 12                                
                                           |                                           
Instance: n179                             |Instance: n@611,124                        
  (drain,source) = (8,2)                   |  (drain,source) = (2,2)                   
  gate = 11                                |  gate = 12                                
                                           |                                           
Instance: n141                             |Instance: n@780,124                        
  (drain,source) = (8,2)                   |  (drain,source) = (2,2)                   
  gate = 11                                |  gate = 12                                
                                           |                                           
Instance: n103                             |Instance: n@949,124                        
  (drain,source) = (8,2)                   |  (drain,source) = (2,2)                   
  gate = 11                                |  gate = 12                                
                                           |                                           
Instance: n65                              |Instance: n@1116,124                       
  (drain,source) = (8,2)                   |  (drain,source) = (2,2)                   
  gate = 11                                |  gate = 12                                
                                           |                                           
Instance: n27                              |Instance: n@1279,124                       
  (drain,source) = (8,2)                   |  (drain,source) = (2,2)                   
  gate = 11                                |  gate = 12                                
                                           |                                           
Instance: n288                             |Instance: n@48,124                         
  (drain,source) = (2,2)                   |  (drain,source) = (8,2)                   
  gate = 11                                |  gate = 12                                
                                           |                                           
Instance: n250                             |Instance: n@220,124                        
  (drain,source) = (2,2)                   |  (drain,source) = (8,2)                   
  gate = 11                                |  gate = 12                                
                                           |                                           
Instance: n212                             |Instance: n@389,124                        
  (drain,source) = (2,2)                   |  (drain,source) = (8,2)                   
  gate = 11                                |  gate = 12                                
                                           |                                           
Instance: n174                             |Instance: n@560,124                        
  (drain,source) = (2,2)                   |  (drain,source) = (8,2)                   
  gate = 11                                |  gate = 12                                
                                           |                                           
Instance: n136                             |Instance: n@729,124                        
  (drain,source) = (2,2)                   |  (drain,source) = (8,2)                   
  gate = 11                                |  gate = 12                                
                                           |                                           
Instance: n98                              |Instance: n@898,124                        
  (drain,source) = (2,2)                   |  (drain,source) = (8,2)                   
  gate = 11                                |  gate = 12                                
                                           |                                           
Instance: n60                              |Instance: n@1065,124                       
  (drain,source) = (2,2)                   |  (drain,source) = (8,2)                   
  gate = 11                                |  gate = 12                                
                                           |                                           
Instance: n22                              |Instance: n@1228,124                       
  (drain,source) = (2,2)                   |  (drain,source) = (8,2)                   
  gate = 11                                |  gate = 12                                
---------------------------------------------------------------------------------------
Netlists do not match.
Netlists do not match.
